[debug] [2022-03-19T17:07:19.596Z] ----------------------------------------------------------------------
[debug] [2022-03-19T17:07:19.598Z] Command:       C:\Program Files\nodejs\node.exe C:\Users\henri\AppData\Roaming\npm\node_modules\firebase-tools\lib\bin\firebase.js init hosting:github
[debug] [2022-03-19T17:07:19.598Z] CLI Version:   10.4.0
[debug] [2022-03-19T17:07:19.598Z] Platform:      win32
[debug] [2022-03-19T17:07:19.598Z] Node Version:  v16.8.0
[debug] [2022-03-19T17:07:19.599Z] Time:          Sun Mar 20 2022 02:07:19 GMT+0900 (Korean Standard Time)
[debug] [2022-03-19T17:07:19.599Z] ----------------------------------------------------------------------
[debug] 
[debug] [2022-03-19T17:07:19.652Z] > command requires scopes: ["email","openid","https://www.googleapis.com/auth/cloudplatformprojects.readonly","https://www.googleapis.com/auth/firebase","https://www.googleapis.com/auth/cloud-platform"]
[debug] [2022-03-19T17:07:19.652Z] > authorizing via signed-in user (henriq88@gmail.com)
[info] 
     ######## #### ########  ######## ########     ###     ######  ########
     ##        ##  ##     ## ##       ##     ##  ##   ##  ##       ##
     ######    ##  ########  ######   ########  #########  ######  ######
     ##        ##  ##    ##  ##       ##     ## ##     ##       ## ##
     ##       #### ##     ## ######## ########  ##     ##  ######  ########

You're about to initialize a Firebase project in this directory:

  C:\Users\henri\Documents\Projects\personal-website

Before we get started, keep in mind:

  * You are initializing within an existing Firebase project directory

[info] 
=== Project Setup
[info] 
[info] First, let's associate this project directory with a Firebase project.
[info] You can create multiple project aliases by running firebase use --add, 
[info] but for now we'll just set up a default project.
[info] 
[debug] [2022-03-19T17:07:21.511Z] Using project from CLI flag: personal-website-8af4a
[debug] [2022-03-19T17:07:21.515Z] >>> [apiv2][query] GET https://firebase.googleapis.com/v1beta1/projects/personal-website-8af4a [none]
[debug] [2022-03-19T17:07:21.963Z] <<< [apiv2][status] GET https://firebase.googleapis.com/v1beta1/projects/personal-website-8af4a 200
[debug] [2022-03-19T17:07:21.964Z] <<< [apiv2][body] GET https://firebase.googleapis.com/v1beta1/projects/personal-website-8af4a {"projectId":"personal-website-8af4a","projectNumber":"386526278864","displayName":"Personal Website","name":"projects/personal-website-8af4a","resources":{"hostingSite":"personal-website-8af4a","realtimeDatabaseInstance":"personal-website-8af4a","storageBucket":"personal-website-8af4a.appspot.com","locationId":"us-central"},"state":"ACTIVE"}
[info] i  Using project personal-website-8af4a (Personal Website) 
[info] 
=== Hosting:github Setup
[info] 
[info] i  Detected a .git folder at C:\Users\henri\Documents\Projects\personal-website 
[info] i  Authorizing with GitHub to upload your service account to a GitHub repository's secrets store. 
[info] 
[info] Visit this URL on this device to log in:
[info] https://github.com/login/oauth/authorize?client_id=89cf50f02ac6aaed3484&state=738016881&redirect_uri=http%3A%2F%2Flocalhost%3A9005&scope=read%3Auser%20repo%20public_repo
[info] 
[info] Waiting for authentication...
[debug] [2022-03-19T17:07:22.773Z] >>> HTTP REQUEST POST https://github.com/login/oauth/access_token  
 {"client_id":"89cf50f02ac6aaed3484","client_secret":"3330d14abc895d9a74d5f17cd7a00711fa2c5bf0","code":"2c539fcfe4484e60f039","redirect_uri":"http://localhost:9005","state":"738016881"}
[debug] [2022-03-19T17:07:23.087Z] <<< HTTP RESPONSE 200 {"server":"GitHub.com","date":"Sat, 19 Mar 2022 17:07:25 GMT","content-type":"application/json; charset=utf-8","transfer-encoding":"chunked","vary":"X-PJAX, X-PJAX-Container, Accept-Encoding, Accept, X-Requested-With","permissions-policy":"interest-cohort=()","etag":"W/\"5fb6e2915ffb1e55b605a86ca249e525\"","cache-control":"max-age=0, private, must-revalidate","strict-transport-security":"max-age=31536000; includeSubdomains; preload","x-frame-options":"deny","x-content-type-options":"nosniff","x-xss-protection":"0","referrer-policy":"origin-when-cross-origin, strict-origin-when-cross-origin","expect-ct":"max-age=2592000, report-uri=\"https://api.github.com/_private/browser/errors\"","content-security-policy":"default-src 'none'; base-uri 'self'; block-all-mixed-content; child-src github.com/assets-cdn/worker/ gist.github.com/assets-cdn/worker/; connect-src 'self' uploads.github.com objects-origin.githubusercontent.com www.githubstatus.com collector.githubapp.com collector.github.com api.github.com github-cloud.s3.amazonaws.com github-production-repository-file-5c1aeb.s3.amazonaws.com github-production-upload-manifest-file-7fdce7.s3.amazonaws.com github-production-user-asset-6210df.s3.amazonaws.com cdn.optimizely.com logx.optimizely.com/v1/events translator.github.com wss://alive.github.com; font-src github.githubassets.com; form-action 'self' github.com gist.github.com objects-origin.githubusercontent.com; frame-ancestors 'none'; frame-src render.githubusercontent.com viewscreen.githubusercontent.com notebooks.githubusercontent.com; img-src 'self' data: github.githubassets.com identicons.github.com collector.githubapp.com collector.github.com github-cloud.s3.amazonaws.com secured-user-images.githubusercontent.com/ *.githubusercontent.com; manifest-src 'self'; media-src github.com user-images.githubusercontent.com/; script-src github.githubassets.com; style-src 'unsafe-inline' github.githubassets.com; worker-src github.com/assets-cdn/worker/ gist.github.com/assets-cdn/worker/","x-github-request-id":"E6B8:262F:5BF2D7:815909:62360DCC"}
[debug] [2022-03-19T17:07:23.100Z] >>> [apiv2][query] GET https://api.github.com/user [none]
[debug] [2022-03-19T17:07:23.430Z] <<< [apiv2][status] GET https://api.github.com/user 200
[debug] [2022-03-19T17:07:23.431Z] <<< [apiv2][body] GET https://api.github.com/user {"login":"henriq-88","id":825330,"node_id":"MDQ6VXNlcjgyNTMzMA==","avatar_url":"https://avatars.githubusercontent.com/u/825330?v=4","gravatar_id":"","url":"https://api.github.com/users/henriq-88","html_url":"https://github.com/henriq-88","followers_url":"https://api.github.com/users/henriq-88/followers","following_url":"https://api.github.com/users/henriq-88/following{/other_user}","gists_url":"https://api.github.com/users/henriq-88/gists{/gist_id}","starred_url":"https://api.github.com/users/henriq-88/starred{/owner}{/repo}","subscriptions_url":"https://api.github.com/users/henriq-88/subscriptions","organizations_url":"https://api.github.com/users/henriq-88/orgs","repos_url":"https://api.github.com/users/henriq-88/repos","events_url":"https://api.github.com/users/henriq-88/events{/privacy}","received_events_url":"https://api.github.com/users/henriq-88/received_events","type":"User","site_admin":false,"name":"Henrik Wassdahl","company":null,"blog":"","location":null,"email":null,"hireable":null,"bio":null,"twitter_username":null,"public_repos":6,"public_gists":0,"followers":6,"following":5,"created_at":"2011-06-02T13:11:20Z","updated_at":"2022-03-11T15:06:56Z","private_gists":0,"total_private_repos":22,"owned_private_repos":22,"disk_usage":81648,"collaborators":1,"two_factor_authentication":false,"plan":{"name":"pro","space":976562499,"collaborators":0,"private_repos":9999}}
[info] 
[info] +  Success! Logged into GitHub as henriq-88 
[info] 
